<?xml version="1.0" encoding="UTF-8"?>
<!-- Generated by org.testng.reporters.JUnitReportReporter -->
<testsuite hostname="DESKTOP-NB0N28R" failures="0" tests="1" name="com.actitime.testscript.VerifyTitleUsingSoftAssert" time="14.683" errors="0" timestamp="2023-12-14T10:51:15 IST" skipped="0">
  <testcase classname="com.actitime.testscript.VerifyTitleUsingSoftAssert" name="verifyTitle" time="14.683"/>
</testsuite> <!-- com.actitime.testscript.VerifyTitleUsingSoftAssert -->
