<?xml version="1.0" encoding="UTF-8"?>
<!-- Generated by org.testng.reporters.JUnitReportReporter -->
<testsuite hostname="DESKTOP-NB0N28R" failures="0" tests="4" name="testngpractice.DemoTest" time="0.068" errors="0" timestamp="2023-12-13T12:01:25 IST" skipped="0">
  <testcase classname="testngpractice.DemoTest" name="demo2" time="0.020">
    <system-out>
      <![CDATA[Hello]]>
    </system-out>
  </testcase> <!-- demo2 -->
  <testcase classname="testngpractice.DemoTest" name="demo3" time="0.016">
    <system-out>
      <![CDATA[Hello]]>
    </system-out>
  </testcase> <!-- demo3 -->
  <testcase classname="testngpractice.DemoTest" name="demo" time="0.012"/>
  <testcase classname="testngpractice.DemoTest" name="demo1" time="0.020">
    <system-out>
      <![CDATA[Hello]]>
    </system-out>
  </testcase> <!-- demo1 -->
  <system-out>
    <![CDATA[Create Project
Create Task
Hello
Hello
Hello
Create Customer
Create Customer
Create Customer
Modify Customer
Delete Customer]]>
  </system-out>
</testsuite> <!-- testngpractice.DemoTest -->
