<?xml version="1.0" encoding="UTF-8"?>
<!-- Generated by org.testng.reporters.JUnitReportReporter -->
<testsuite hostname="DESKTOP-NB0N28R" failures="0" tests="4" name="com.actitime.testscript.CustomerModule2" time="0.052" errors="0" timestamp="2023-12-14T11:16:28 IST" skipped="0">
  <testcase classname="com.actitime.testscript.CustomerModule2" name="deleteCustomer" time="0.016">
    <system-out>
      <![CDATA[deleteCustomer]]>
    </system-out>
  </testcase> <!-- deleteCustomer -->
  <testcase classname="com.actitime.testscript.CustomerModule2" name="modifyCustomer1" time="0.025">
    <system-out>
      <![CDATA[modifyCustomer1]]>
    </system-out>
  </testcase> <!-- modifyCustomer1 -->
  <testcase classname="com.actitime.testscript.CustomerModule2" name="createCustomer" time="0.005">
    <system-out>
      <![CDATA[createCustomer]]>
    </system-out>
  </testcase> <!-- createCustomer -->
  <testcase classname="com.actitime.testscript.CustomerModule2" name="createCustomer" time="0.006">
    <system-out>
      <![CDATA[createCustomer]]>
    </system-out>
  </testcase> <!-- createCustomer -->
  <system-out>
    <![CDATA[openBrowser
Login
modifyCustomer1
Logout
Login
deleteCustomer
Logout
Login
createCustomer
Logout
Login
createCustomer
Logout
closeBrowser]]>
  </system-out>
</testsuite> <!-- com.actitime.testscript.CustomerModule2 -->
