<?xml version="1.0" encoding="UTF-8"?>
<!-- Generated by org.testng.reporters.JUnitReportReporter -->
<testsuite hostname="DESKTOP-NB0N28R" failures="0" tests="1" name="com.actitime.testscript.VerifyTitle" time="18.137" errors="0" timestamp="2023-12-13T12:38:22 IST" skipped="0">
  <testcase classname="com.actitime.testscript.VerifyTitle" name="verifyTitle" time="18.137"/>
</testsuite> <!-- com.actitime.testscript.VerifyTitle -->
