<?xml version="1.0" encoding="UTF-8"?>
<!-- Generated by org.testng.reporters.JUnitReportReporter -->
<testsuite hostname="DESKTOP-NB0N28R" failures="0" tests="3" name="com.actitime.testscript.CustomerModule1" time="6.239" errors="0" timestamp="2023-12-17T08:09:21 IST" skipped="0">
  <testcase classname="com.actitime.testscript.CustomerModule1" name="modifyCustomer" time="2.567">
    <system-out>
      <![CDATA[modifyCustomerMethod has got started
modify Customer
modifyCustomerMethod has completed successfully]]>
    </system-out>
  </testcase> <!-- modifyCustomer -->
  <testcase classname="com.actitime.testscript.CustomerModule1" name="deleteCustomer" time="1.819">
    <system-out>
      <![CDATA[deleteCustomerMethod has got started
delete Customer
deleteCustomerMethod has completed successfully]]>
    </system-out>
  </testcase> <!-- deleteCustomer -->
  <testcase classname="com.actitime.testscript.CustomerModule1" name="createCustomer" time="1.853">
    <system-out>
      <![CDATA[createCustomerMethod has got started
Create Customer
createCustomerMethod has completed successfully]]>
    </system-out>
  </testcase> <!-- createCustomer -->
  <system-out>
    <![CDATA[Open Browser
Login
createProjectMethod has got started
Create Project
createProjectMethod has completed successfully
Logout
Login
deleteProjectMethod has got started
delete Project
deleteProjectMethod has completed successfully
Logout
Login
modifyProjectMethod has got started
modify Project
modifyProjectMethod has completed successfully
Logout
Close Browser
Open Browser
Login
createTaskMethod has got started
createTaskMethod has got failed
Logout
Login
deleteTaskMethod has got started
deleteTaskMethod has got failed
Logout
Login
modifyTaskMethod has got started
modifyTask
modifyTaskMethod has completed successfully
Logout
Close Browser
Open Browser
Login
createCustomerMethod has got started
Create Customer
createCustomerMethod has completed successfully
Logout
Login
deleteCustomerMethod has got started
delete Customer
deleteCustomerMethod has completed successfully
Logout
Login
modifyCustomerMethod has got started
modify Customer
modifyCustomerMethod has completed successfully
Logout
Close Browser]]>
  </system-out>
</testsuite> <!-- com.actitime.testscript.CustomerModule1 -->
