<?xml version="1.0" encoding="UTF-8"?>
<!-- Generated by org.testng.reporters.JUnitReportReporter -->
<testsuite hostname="DESKTOP-NB0N28R" failures="0" tests="1" name="com.actitime.testscript.TaskModule" time="3.095" errors="0" timestamp="2023-12-15T16:19:26 IST" skipped="0">
  <testcase classname="com.actitime.testscript.TaskModule" name="modifyTask" time="3.095">
    <system-out>
      <![CDATA[modify Task]]>
    </system-out>
  </testcase> <!-- modifyTask -->
  <system-out>
    <![CDATA[Open Browser
Login
delete Project
Logout
Close Browser
Open Browser
Login
modify Task
Logout
Close Browser]]>
  </system-out>
</testsuite> <!-- com.actitime.testscript.TaskModule -->
