<?xml version="1.0" encoding="UTF-8"?>
<!-- Generated by org.testng.reporters.JUnitReportReporter -->
<testsuite hostname="DESKTOP-NB0N28R" failures="0" tests="1" name="com.actitime.pom.LoginPageDemo" time="25.466" errors="0" timestamp="2023-12-21T12:33:28 IST" skipped="0">
  <testcase classname="com.actitime.pom.LoginPageDemo" name="demo" time="25.466"/>
</testsuite> <!-- com.actitime.pom.LoginPageDemo -->
